nohup: 忽略输入
2018-09-06 18:21:54 [scrapy.utils.log] INFO: Scrapy 1.5.0 started (bot: carspider)
2018-09-06 18:21:54 [scrapy.utils.log] INFO: Versions: lxml 4.2.3.0, libxml2 2.9.8, cssselect 1.0.3, parsel 1.5.0, w3lib 1.19.0, Twisted 18.4.0, Python 3.6.4 (default, May 21 2018, 11:39:59) - [GCC 4.8.5 20150623 (Red Hat 4.8.5-28)], pyOpenSSL 18.0.0 (OpenSSL 1.1.0h  27 Mar 2018), cryptography 2.2.2, Platform Linux-3.10.0-693.el7.x86_64-x86_64-with-centos-7.5.1804-Core
2018-09-06 18:21:54 [scrapy.crawler] INFO: Overridden settings: {'BOT_NAME': 'carspider', 'DOWNLOAD_DELAY': 1, 'LOG_LEVEL': 'INFO', 'NEWSPIDER_MODULE': 'carspider.spiders', 'ROBOTSTXT_OBEY': True, 'SPIDER_MODULES': ['carspider.spiders'], 'USER_AGENT': 'Mozilla/5.0 (X11; Linux x86_64) AppleWebKit/537.36 (KHTML, like Gecko) Chrome/63.0.3239.132 Safari/537.36'}
2018-09-06 18:21:54 [scrapy.middleware] INFO: Enabled extensions:
['scrapy.extensions.corestats.CoreStats',
 'scrapy.extensions.telnet.TelnetConsole',
 'scrapy.extensions.memusage.MemoryUsage',
 'scrapy.extensions.logstats.LogStats']
2018-09-06 18:21:54 [scrapy.middleware] INFO: Enabled downloader middlewares:
['scrapy.downloadermiddlewares.robotstxt.RobotsTxtMiddleware',
 'scrapy.downloadermiddlewares.httpauth.HttpAuthMiddleware',
 'scrapy.downloadermiddlewares.downloadtimeout.DownloadTimeoutMiddleware',
 'scrapy.downloadermiddlewares.defaultheaders.DefaultHeadersMiddleware',
 'scrapy.downloadermiddlewares.useragent.UserAgentMiddleware',
 'scrapy.downloadermiddlewares.retry.RetryMiddleware',
 'scrapy.downloadermiddlewares.redirect.MetaRefreshMiddleware',
 'scrapy.downloadermiddlewares.httpcompression.HttpCompressionMiddleware',
 'scrapy.downloadermiddlewares.redirect.RedirectMiddleware',
 'scrapy.downloadermiddlewares.cookies.CookiesMiddleware',
 'scrapy.downloadermiddlewares.httpproxy.HttpProxyMiddleware',
 'scrapy.downloadermiddlewares.stats.DownloaderStats']
2018-09-06 18:21:54 [scrapy.middleware] INFO: Enabled spider middlewares:
['scrapy.spidermiddlewares.httperror.HttpErrorMiddleware',
 'scrapy.spidermiddlewares.offsite.OffsiteMiddleware',
 'scrapy.spidermiddlewares.referer.RefererMiddleware',
 'scrapy.spidermiddlewares.urllength.UrlLengthMiddleware',
 'scrapy.spidermiddlewares.depth.DepthMiddleware']
2018-09-06 18:21:54 [scrapy.middleware] INFO: Enabled item pipelines:
['carspider.pipelines.JsonPipeline']
2018-09-06 18:21:54 [scrapy.core.engine] INFO: Spider opened
2018-09-06 18:21:54 [scrapy.extensions.logstats] INFO: Crawled 0 pages (at 0 pages/min), scraped 0 items (at 0 items/min)
2018-09-06 18:21:59 [scrapy.crawler] INFO: Received SIG_SETMASK, shutting down gracefully. Send again to force 
2018-09-06 18:21:59 [scrapy.core.engine] INFO: Closing spider (shutdown)
2018-09-06 18:22:00 [scrapy.crawler] INFO: Received SIG_SETMASK twice, forcing unclean shutdown
